[2021-12-03 08:49:12,401] {dag_processing.py:839} INFO - Processing files using up to 1 processes at a time 
[2021-12-03 08:49:12,401] {dag_processing.py:840} INFO - Process each file at most once every 0 seconds
[2021-12-03 08:49:12,401] {dag_processing.py:842} INFO - Checking for new files in /home/cristian/Desktop/datapipeline/airflow/dags every 300 seconds
[2021-12-03 08:49:12,402] {dag_processing.py:1312} INFO - Finding 'running' jobs without a recent heartbeat
[2021-12-03 08:49:12,402] {dag_processing.py:1316} INFO - Failing jobs without heartbeat after 2021-12-03 11:44:12.402217+00:00
[2021-12-03 08:49:12,525] {dag_processing.py:1064} INFO - 
================================================================================
DAG File Processing Stats

File Path                                                                                                                             PID    Runtime      # DAGs    # Errors  Last Runtime    Last Run
------------------------------------------------------------------------------------------------------------------------------------  -----  ---------  --------  ----------  --------------  -------------------
/home/cristian/Desktop/datapipeline/.env/lib/python3.6/site-packages/airflow/example_dags/tutorial.py                                                          0           0
/home/cristian/Desktop/datapipeline/.env/lib/python3.6/site-packages/airflow/example_dags/example_external_task_marker_dag.py                                  0           0  0.10s           2021-12-03T11:49:12
/home/cristian/Desktop/datapipeline/.env/lib/python3.6/site-packages/airflow/example_dags/example_xcom.py                                                      0           0
/home/cristian/Desktop/datapipeline/.env/lib/python3.6/site-packages/airflow/example_dags/example_complex.py                                                   0           0
/home/cristian/Desktop/datapipeline/.env/lib/python3.6/site-packages/airflow/example_dags/example_trigger_controller_dag.py                                    0           0
/home/cristian/Desktop/datapipeline/.env/lib/python3.6/site-packages/airflow/example_dags/example_http_operator.py                                             0           0
/home/cristian/Desktop/datapipeline/.env/lib/python3.6/site-packages/airflow/example_dags/example_bash_operator.py                                             0           0
/home/cristian/Desktop/datapipeline/.env/lib/python3.6/site-packages/airflow/example_dags/test_utils.py                                                        0           0
/home/cristian/Desktop/datapipeline/.env/lib/python3.6/site-packages/airflow/example_dags/example_latest_only.py                                               0           0
/home/cristian/Desktop/datapipeline/.env/lib/python3.6/site-packages/airflow/example_dags/example_subdag_operator.py                                           0           0
/home/cristian/Desktop/datapipeline/.env/lib/python3.6/site-packages/airflow/example_dags/example_branch_python_dop_operator_3.py                              0           0
/home/cristian/Desktop/datapipeline/.env/lib/python3.6/site-packages/airflow/example_dags/example_branch_operator.py                                           0           0
/home/cristian/Desktop/datapipeline/.env/lib/python3.6/site-packages/airflow/example_dags/example_short_circuit_operator.py                                    0           0
/home/cristian/Desktop/datapipeline/.env/lib/python3.6/site-packages/airflow/example_dags/example_skip_dag.py                                                  0           0
/home/cristian/Desktop/datapipeline/.env/lib/python3.6/site-packages/airflow/example_dags/example_passing_params_via_test_command.py                           0           0
/home/cristian/Desktop/datapipeline/.env/lib/python3.6/site-packages/airflow/example_dags/example_pig_operator.py                                              0           0
/home/cristian/Desktop/datapipeline/.env/lib/python3.6/site-packages/airflow/example_dags/example_python_operator.py                                           0           0
/home/cristian/Desktop/datapipeline/.env/lib/python3.6/site-packages/airflow/example_dags/example_trigger_target_dag.py                                        0           0
/home/cristian/Desktop/datapipeline/.env/lib/python3.6/site-packages/airflow/example_dags/example_docker_swarm_operator.py                                     0           0
/home/cristian/Desktop/datapipeline/.env/lib/python3.6/site-packages/airflow/example_dags/example_latest_only_with_trigger.py                                  0           0
/home/cristian/Desktop/datapipeline/.env/lib/python3.6/site-packages/airflow/example_dags/example_docker_operator.py                                           0           0
/home/cristian/Desktop/datapipeline/.env/lib/python3.6/site-packages/airflow/example_dags/docker_copy_data.py                                                  0           0
/home/cristian/Desktop/datapipeline/.env/lib/python3.6/site-packages/airflow/example_dags/example_kubernetes_executor_config.py                                0           0
/home/cristian/Desktop/datapipeline/.env/lib/python3.6/site-packages/airflow/example_dags/example_nested_branch_dag.py                                         0           0
/home/cristian/Desktop/datapipeline/.env/lib/python3.6/site-packages/airflow/example_dags/subdags/subdag.py                                                    0           0
================================================================================
[2021-12-03 08:49:24,409] {dag_processing.py:1312} INFO - Finding 'running' jobs without a recent heartbeat
[2021-12-03 08:49:24,410] {dag_processing.py:1316} INFO - Failing jobs without heartbeat after 2021-12-03 11:44:24.410024+00:00
[2021-12-03 08:49:31,624] {dag_processing.py:822} INFO - Exiting gracefully upon receiving signal 15
[2021-12-03 19:51:35,943] {dag_processing.py:839} INFO - Processing files using up to 1 processes at a time 
[2021-12-03 19:51:35,944] {dag_processing.py:840} INFO - Process each file at most once every 0 seconds
[2021-12-03 19:51:35,944] {dag_processing.py:842} INFO - Checking for new files in /home/cristian/Desktop/datapipeline/airflow/dags every 300 seconds
[2021-12-03 19:51:35,944] {dag_processing.py:1312} INFO - Finding 'running' jobs without a recent heartbeat
[2021-12-03 19:51:35,944] {dag_processing.py:1316} INFO - Failing jobs without heartbeat after 2021-12-03 22:46:35.944977+00:00
[2021-12-03 19:51:36,076] {dag_processing.py:1064} INFO - 
================================================================================
DAG File Processing Stats

File Path                                                                                                                             PID    Runtime      # DAGs    # Errors  Last Runtime    Last Run
------------------------------------------------------------------------------------------------------------------------------------  -----  ---------  --------  ----------  --------------  -------------------
/home/cristian/Desktop/datapipeline/.env/lib/python3.6/site-packages/airflow/example_dags/tutorial.py                                                          0           0
/home/cristian/Desktop/datapipeline/.env/lib/python3.6/site-packages/airflow/example_dags/example_external_task_marker_dag.py                                  0           0
/home/cristian/Desktop/datapipeline/.env/lib/python3.6/site-packages/airflow/example_dags/example_xcom.py                                                      0           0
/home/cristian/Desktop/datapipeline/.env/lib/python3.6/site-packages/airflow/example_dags/example_complex.py                                                   0           0
/home/cristian/Desktop/datapipeline/.env/lib/python3.6/site-packages/airflow/example_dags/example_trigger_controller_dag.py                                    0           0
/home/cristian/Desktop/datapipeline/.env/lib/python3.6/site-packages/airflow/example_dags/example_http_operator.py                                             0           0
/home/cristian/Desktop/datapipeline/.env/lib/python3.6/site-packages/airflow/example_dags/example_bash_operator.py                                             0           0
/home/cristian/Desktop/datapipeline/.env/lib/python3.6/site-packages/airflow/example_dags/test_utils.py                                                        0           0
/home/cristian/Desktop/datapipeline/.env/lib/python3.6/site-packages/airflow/example_dags/example_latest_only.py                                               0           0
/home/cristian/Desktop/datapipeline/.env/lib/python3.6/site-packages/airflow/example_dags/example_subdag_operator.py                                           0           0
/home/cristian/Desktop/datapipeline/.env/lib/python3.6/site-packages/airflow/example_dags/example_branch_python_dop_operator_3.py                              0           0
/home/cristian/Desktop/datapipeline/.env/lib/python3.6/site-packages/airflow/example_dags/example_branch_operator.py                                           0           0
/home/cristian/Desktop/datapipeline/.env/lib/python3.6/site-packages/airflow/example_dags/example_short_circuit_operator.py                                    0           0
/home/cristian/Desktop/datapipeline/.env/lib/python3.6/site-packages/airflow/example_dags/example_skip_dag.py                                                  0           0
/home/cristian/Desktop/datapipeline/.env/lib/python3.6/site-packages/airflow/example_dags/example_passing_params_via_test_command.py                           0           0
/home/cristian/Desktop/datapipeline/.env/lib/python3.6/site-packages/airflow/example_dags/example_pig_operator.py                                              0           0
/home/cristian/Desktop/datapipeline/.env/lib/python3.6/site-packages/airflow/example_dags/example_python_operator.py                                           0           0  0.10s           2021-12-03T22:51:36
/home/cristian/Desktop/datapipeline/.env/lib/python3.6/site-packages/airflow/example_dags/example_trigger_target_dag.py                                        0           0
/home/cristian/Desktop/datapipeline/.env/lib/python3.6/site-packages/airflow/example_dags/example_docker_swarm_operator.py                                     0           0
/home/cristian/Desktop/datapipeline/.env/lib/python3.6/site-packages/airflow/example_dags/example_latest_only_with_trigger.py                                  0           0
/home/cristian/Desktop/datapipeline/.env/lib/python3.6/site-packages/airflow/example_dags/example_docker_operator.py                                           0           0
/home/cristian/Desktop/datapipeline/.env/lib/python3.6/site-packages/airflow/example_dags/docker_copy_data.py                                                  0           0
/home/cristian/Desktop/datapipeline/.env/lib/python3.6/site-packages/airflow/example_dags/example_kubernetes_executor_config.py                                0           0
/home/cristian/Desktop/datapipeline/.env/lib/python3.6/site-packages/airflow/example_dags/example_nested_branch_dag.py                                         0           0
/home/cristian/Desktop/datapipeline/.env/lib/python3.6/site-packages/airflow/example_dags/subdags/subdag.py                                                    0           0
================================================================================
[2021-12-03 19:51:47,950] {dag_processing.py:1312} INFO - Finding 'running' jobs without a recent heartbeat
[2021-12-03 19:51:47,951] {dag_processing.py:1316} INFO - Failing jobs without heartbeat after 2021-12-03 22:46:47.951707+00:00
